<?xml version="1.0" encoding="UTF-8"?>
<!-- Generated by org.testng.reporters.JUnitXMLReporter -->
<testsuite hostname="KARTSUB4-1LWN0" name="CE EPNM Provisioing test cases" tests="2" failures="1" timestamp="10 Dec 2018 07:05:49 GMT" time="115.803" errors="0">
  <testcase name="create_evpl_test" time="54.489" classname="epnm.CE.Provisioning.test.Epnm_Loginpage_Test"/>
  <testcase name="Service_page_test" time="0.022" classname="epnm.CE.Provisioning.test.Epnm_Loginpage_Test">
    <failure type="java.lang.NullPointerException">
      <![CDATA[java.lang.NullPointerException
	at org.openqa.selenium.support.ui.Select.<init>(Select.java:45)
	at epnm.CE.Provisioning.code.Service_page.Servicepage_entry(Service_page.java:24)
	at epnm.CE.Provisioning.test.Epnm_Loginpage_Test.Service_page_test(Epnm_Loginpage_Test.java:55)
... Removed 24 stack frames]]>
    </failure>
  </testcase> <!-- Service_page_test -->
</testsuite> <!-- CE EPNM Provisioing test cases -->
